# JRE version: OpenJDK Runtime Environment Temurin-17.0.6+10 (17.0.6+10) (build 17.0.6+10)
# Java VM: OpenJDK 64-Bit Server VM Temurin-17.0.6+10 (17.0.6+10, mixed mode, emulated-client, tiered, compressed oops, compressed class ptrs, g1 gc, windows-amd64)
GC Precious Log:
 CPUs: 8 total, 8 available
 Memory: 8071M
 Large Page Support: Disabled
 NUMA Support: Disabled
 Compressed Oops: Enabled (32-bit)
 Heap Region Size: 1M
 Heap Min Capacity: 8M
 Heap Initial Capacity: 128M
 Heap Max Capacity: 2018M
 Pre-touch: Disabled
 Parallel Workers: 8
 Concurrent Workers: 2
 Concurrent Refinement Workers: 8
 Periodic GC: Disabled
Heap:
 garbage-first heap   total 70656K, used 39936K [0x0000000081e00000, 0x0000000100000000)
  region size 1024K, 3 young (3072K), 3 survivors (3072K)
 Metaspace       used 68694K, committed 69184K, reserved 1114112K
  class space    used 9466K, committed 9664K, reserved 1048576K
GC Heap History (20 events):
Event: 4.154 GC heap after
{Heap after GC invocations=15 (full 0):
 garbage-first heap   total 58368K, used 19317K [0x0000000081e00000, 0x0000000100000000)
  region size 1024K, 2 young (2048K), 2 survivors (2048K)
 Metaspace       used 46001K, committed 46464K, reserved 1089536K
  class space    used 6060K, committed 6272K, reserved 1048576K
}
Event: 4.711 GC heap before
{Heap before GC invocations=15 (full 0):
 garbage-first heap   total 58368K, used 42869K [0x0000000081e00000, 0x0000000100000000)
  region size 1024K, 26 young (26624K), 2 survivors (2048K)
 Metaspace       used 52113K, committed 52608K, reserved 1097728K
  class space    used 6853K, committed 7040K, reserved 1048576K
}
Event: 4.714 GC heap after
{Heap after GC invocations=16 (full 0):
 garbage-first heap   total 58368K, used 20889K [0x0000000081e00000, 0x0000000100000000)
  region size 1024K, 3 young (3072K), 3 survivors (3072K)
 Metaspace       used 52113K, committed 52608K, reserved 1097728K
  class space    used 6853K, committed 7040K, reserved 1048576K
}
Event: 5.141 GC heap before
{Heap before GC invocations=16 (full 0):
 garbage-first heap   total 58368K, used 44441K [0x0000000081e00000, 0x0000000100000000)
  region size 1024K, 27 young (27648K), 3 survivors (3072K)
 Metaspace       used 57723K, committed 58240K, reserved 1105920K
  class space    used 7828K, committed 8064K, reserved 1048576K
}
Event: 5.144 GC heap after
{Heap after GC invocations=17 (full 0):
 garbage-first heap   total 58368K, used 22137K [0x0000000081e00000, 0x0000000100000000)
  region size 1024K, 3 young (3072K), 3 survivors (3072K)
 Metaspace       used 57723K, committed 58240K, reserved 1105920K
  class space    used 7828K, committed 8064K, reserved 1048576K
}
Event: 5.349 GC heap before
{Heap before GC invocations=17 (full 0):
 garbage-first heap   total 58368K, used 31353K [0x0000000081e00000, 0x0000000100000000)
  region size 1024K, 13 young (13312K), 3 survivors (3072K)
 Metaspace       used 59938K, committed 60416K, reserved 1105920K
  class space    used 8165K, committed 8384K, reserved 1048576K
}
Event: 5.352 GC heap after
{Heap after GC invocations=18 (full 0):
 garbage-first heap   total 58368K, used 22607K [0x0000000081e00000, 0x0000000100000000)
  region size 1024K, 2 young (2048K), 2 survivors (2048K)
 Metaspace       used 59938K, committed 60416K, reserved 1105920K
  class space    used 8165K, committed 8384K, reserved 1048576K
}
Event: 5.835 GC heap before
{Heap before GC invocations=19 (full 0):
 garbage-first heap   total 58368K, used 45135K [0x0000000081e00000, 0x0000000100000000)
  region size 1024K, 25 young (25600K), 2 survivors (2048K)
 Metaspace       used 63495K, committed 64064K, reserved 1105920K
  class space    used 8688K, committed 8960K, reserved 1048576K
}
Event: 5.838 GC heap after
{Heap after GC invocations=20 (full 0):
 garbage-first heap   total 58368K, used 24626K [0x0000000081e00000, 0x0000000100000000)
  region size 1024K, 4 young (4096K), 4 survivors (4096K)
 Metaspace       used 63495K, committed 64064K, reserved 1105920K
  class space    used 8688K, committed 8960K, reserved 1048576K
}
Event: 6.168 GC heap before
{Heap before GC invocations=20 (full 0):
 garbage-first heap   total 58368K, used 46130K [0x0000000081e00000, 0x0000000100000000)
  region size 1024K, 25 young (25600K), 4 survivors (4096K)
 Metaspace       used 65920K, committed 66432K, reserved 1105920K
  class space    used 9042K, committed 9280K, reserved 1048576K
}
Event: 6.172 GC heap after
{Heap after GC invocations=21 (full 0):
 garbage-first heap   total 58368K, used 26952K [0x0000000081e00000, 0x0000000100000000)
  region size 1024K, 3 young (3072K), 3 survivors (3072K)
 Metaspace       used 65920K, committed 66432K, reserved 1105920K
  class space    used 9042K, committed 9280K, reserved 1048576K
}
Event: 6.428 GC heap before
{Heap before GC invocations=21 (full 0):
 garbage-first heap   total 58368K, used 46408K [0x0000000081e00000, 0x0000000100000000)
  region size 1024K, 22 young (22528K), 3 survivors (3072K)
 Metaspace       used 67957K, committed 68544K, reserved 1114112K
  class space    used 9347K, committed 9600K, reserved 1048576K
}
Event: 6.432 GC heap after
{Heap after GC invocations=22 (full 0):
 garbage-first heap   total 70656K, used 28982K [0x0000000081e00000, 0x0000000100000000)
  region size 1024K, 3 young (3072K), 3 survivors (3072K)
 Metaspace       used 67957K, committed 68544K, reserved 1114112K
  class space    used 9347K, committed 9600K, reserved 1048576K
}
Event: 6.476 GC heap before
{Heap before GC invocations=22 (full 0):
 garbage-first heap   total 70656K, used 54582K [0x0000000081e00000, 0x0000000100000000)
  region size 1024K, 28 young (28672K), 3 survivors (3072K)
 Metaspace       used 67958K, committed 68544K, reserved 1114112K
  class space    used 9347K, committed 9600K, reserved 1048576K
}
Event: 6.481 GC heap after
{Heap after GC invocations=23 (full 0):
 garbage-first heap   total 70656K, used 33846K [0x0000000081e00000, 0x0000000100000000)
  region size 1024K, 4 young (4096K), 4 survivors (4096K)
 Metaspace       used 67958K, committed 68544K, reserved 1114112K
  class space    used 9347K, committed 9600K, reserved 1048576K
}
Event: 6.583 GC heap before
{Heap before GC invocations=23 (full 0):
 garbage-first heap   total 70656K, used 54326K [0x0000000081e00000, 0x0000000100000000)
  region size 1024K, 24 young (24576K), 4 survivors (4096K)
 Metaspace       used 68694K, committed 69184K, reserved 1114112K
  class space    used 9466K, committed 9664K, reserved 1048576K
}
Event: 6.587 GC heap after
{Heap after GC invocations=24 (full 0):
 garbage-first heap   total 70656K, used 32218K [0x0000000081e00000, 0x0000000100000000)
  region size 1024K, 1 young (1024K), 1 survivors (1024K)
 Metaspace       used 68694K, committed 69184K, reserved 1114112K
  class space    used 9466K, committed 9664K, reserved 1048576K
}
Event: 6.617 GC heap before
{Heap before GC invocations=24 (full 0):
 garbage-first heap   total 70656K, used 55770K [0x0000000081e00000, 0x0000000100000000)
  region size 1024K, 24 young (24576K), 1 survivors (1024K)
 Metaspace       used 68694K, committed 69184K, reserved 1114112K
  class space    used 9466K, committed 9664K, reserved 1048576K
}
Event: 6.621 GC heap after
{Heap after GC invocations=25 (full 0):
 garbage-first heap   total 70656K, used 36039K [0x0000000081e00000, 0x0000000100000000)
  region size 1024K, 3 young (3072K), 3 survivors (3072K)
 Metaspace       used 68694K, committed 69184K, reserved 1114112K
  class space    used 9466K, committed 9664K, reserved 1048576K
}
Event: 6.645 GC heap before
{Heap before GC invocations=25 (full 0):
 garbage-first heap   total 70656K, used 55495K [0x0000000081e00000, 0x0000000100000000)
  region size 1024K, 22 young (22528K), 3 survivors (3072K)
 Metaspace       used 68694K, committed 69184K, reserved 1114112K
  class space    used 9466K, committed 9664K, reserved 1048576K
}

