# JRE version: OpenJDK Runtime Environment Temurin-17.0.6+10 (17.0.6+10) (build 17.0.6+10)
# Java VM: OpenJDK 64-Bit Server VM Temurin-17.0.6+10 (17.0.6+10, mixed mode, emulated-client, tiered, compressed oops, compressed class ptrs, g1 gc, windows-amd64)
GC Precious Log:
 CPUs: 8 total, 8 available
 Memory: 8071M
 Large Page Support: Disabled
 NUMA Support: Disabled
 Compressed Oops: Enabled (32-bit)
 Heap Region Size: 1M
 Heap Min Capacity: 8M
 Heap Initial Capacity: 128M
 Heap Max Capacity: 2018M
 Pre-touch: Disabled
 Parallel Workers: 8
 Concurrent Workers: 2
 Concurrent Refinement Workers: 8
 Periodic GC: Disabled
Heap:
 garbage-first heap   total 61440K, used 36931K [0x0000000081e00000, 0x0000000100000000)
  region size 1024K, 12 young (12288K), 3 survivors (3072K)
 Metaspace       used 70405K, committed 70976K, reserved 1114112K
  class space    used 9602K, committed 9856K, reserved 1048576K
GC Heap History (20 events):
Event: 391.162 GC heap before
{Heap before GC invocations=30 (full 3):
 garbage-first heap   total 61440K, used 43844K [0x0000000081e00000, 0x0000000100000000)
  region size 1024K, 21 young (21504K), 0 survivors (0K)
 Metaspace       used 69600K, committed 70144K, reserved 1114112K
  class space    used 9522K, committed 9792K, reserved 1048576K
}
Event: 391.163 GC heap after
{Heap after GC invocations=31 (full 3):
 garbage-first heap   total 61440K, used 25412K [0x0000000081e00000, 0x0000000100000000)
  region size 1024K, 2 young (2048K), 2 survivors (2048K)
 Metaspace       used 69600K, committed 70144K, reserved 1114112K
  class space    used 9522K, committed 9792K, reserved 1048576K
}
Event: 391.433 GC heap before
{Heap before GC invocations=31 (full 3):
 garbage-first heap   total 61440K, used 45892K [0x0000000081e00000, 0x0000000100000000)
  region size 1024K, 22 young (22528K), 2 survivors (2048K)
 Metaspace       used 69715K, committed 70272K, reserved 1114112K
  class space    used 9538K, committed 9792K, reserved 1048576K
}
Event: 391.435 GC heap after
{Heap after GC invocations=32 (full 3):
 garbage-first heap   total 61440K, used 26845K [0x0000000081e00000, 0x0000000100000000)
  region size 1024K, 2 young (2048K), 2 survivors (2048K)
 Metaspace       used 69715K, committed 70272K, reserved 1114112K
  class space    used 9538K, committed 9792K, reserved 1048576K
}
Event: 391.710 GC heap before
{Heap before GC invocations=32 (full 3):
 garbage-first heap   total 61440K, used 46301K [0x0000000081e00000, 0x0000000100000000)
  region size 1024K, 21 young (21504K), 2 survivors (2048K)
 Metaspace       used 69972K, committed 70464K, reserved 1114112K
  class space    used 9558K, committed 9792K, reserved 1048576K
}
Event: 391.713 GC heap after
{Heap after GC invocations=33 (full 3):
 garbage-first heap   total 61440K, used 28361K [0x0000000081e00000, 0x0000000100000000)
  region size 1024K, 2 young (2048K), 2 survivors (2048K)
 Metaspace       used 69972K, committed 70464K, reserved 1114112K
  class space    used 9558K, committed 9792K, reserved 1048576K
}
Event: 530.811 GC heap before
{Heap before GC invocations=34 (full 3):
 garbage-first heap   total 61440K, used 45769K [0x0000000081e00000, 0x0000000100000000)
  region size 1024K, 19 young (19456K), 2 survivors (2048K)
 Metaspace       used 69990K, committed 70528K, reserved 1114112K
  class space    used 9560K, committed 9792K, reserved 1048576K
}
Event: 530.813 GC heap after
{Heap after GC invocations=35 (full 3):
 garbage-first heap   total 61440K, used 29297K [0x0000000081e00000, 0x0000000100000000)
  region size 1024K, 2 young (2048K), 2 survivors (2048K)
 Metaspace       used 69990K, committed 70528K, reserved 1114112K
  class space    used 9560K, committed 9792K, reserved 1048576K
}
Event: 551.734 GC heap before
{Heap before GC invocations=35 (full 3):
 garbage-first heap   total 61440K, used 30321K [0x0000000081e00000, 0x0000000100000000)
  region size 1024K, 3 young (3072K), 2 survivors (2048K)
 Metaspace       used 69990K, committed 70528K, reserved 1114112K
  class space    used 9560K, committed 9792K, reserved 1048576K
}
Event: 551.736 GC heap after
{Heap after GC invocations=36 (full 3):
 garbage-first heap   total 61440K, used 29290K [0x0000000081e00000, 0x0000000100000000)
  region size 1024K, 1 young (1024K), 1 survivors (1024K)
 Metaspace       used 69990K, committed 70528K, reserved 1114112K
  class space    used 9560K, committed 9792K, reserved 1048576K
}
Event: 918.318 GC heap before
{Heap before GC invocations=36 (full 3):
 garbage-first heap   total 61440K, used 46698K [0x0000000081e00000, 0x0000000100000000)
  region size 1024K, 18 young (18432K), 1 survivors (1024K)
 Metaspace       used 70000K, committed 70528K, reserved 1114112K
  class space    used 9562K, committed 9792K, reserved 1048576K
}
Event: 918.319 GC heap after
{Heap after GC invocations=37 (full 3):
 garbage-first heap   total 61440K, used 29168K [0x0000000081e00000, 0x0000000100000000)
  region size 1024K, 1 young (1024K), 1 survivors (1024K)
 Metaspace       used 70000K, committed 70528K, reserved 1114112K
  class space    used 9562K, committed 9792K, reserved 1048576K
}
Event: 1170.259 GC heap before
{Heap before GC invocations=38 (full 3):
 garbage-first heap   total 61440K, used 41456K [0x0000000081e00000, 0x0000000100000000)
  region size 1024K, 14 young (14336K), 1 survivors (1024K)
 Metaspace       used 69980K, committed 70528K, reserved 1114112K
  class space    used 9559K, committed 9792K, reserved 1048576K
}
Event: 1170.298 GC heap after
{Heap after GC invocations=39 (full 4):
 garbage-first heap   total 61440K, used 20783K [0x0000000081e00000, 0x0000000100000000)
  region size 1024K, 0 young (0K), 0 survivors (0K)
 Metaspace       used 69971K, committed 70528K, reserved 1114112K
  class space    used 9557K, committed 9792K, reserved 1048576K
}
Event: 1170.776 GC heap before
{Heap before GC invocations=39 (full 4):
 garbage-first heap   total 61440K, used 47407K [0x0000000081e00000, 0x0000000100000000)
  region size 1024K, 26 young (26624K), 0 survivors (0K)
 Metaspace       used 70110K, committed 70656K, reserved 1114112K
  class space    used 9578K, committed 9856K, reserved 1048576K
}
Event: 1170.779 GC heap after
{Heap after GC invocations=40 (full 4):
 garbage-first heap   total 61440K, used 23341K [0x0000000081e00000, 0x0000000100000000)
  region size 1024K, 3 young (3072K), 3 survivors (3072K)
 Metaspace       used 70110K, committed 70656K, reserved 1114112K
  class space    used 9578K, committed 9856K, reserved 1048576K
}
Event: 1171.278 GC heap before
{Heap before GC invocations=40 (full 4):
 garbage-first heap   total 61440K, used 46893K [0x0000000081e00000, 0x0000000100000000)
  region size 1024K, 26 young (26624K), 3 survivors (3072K)
 Metaspace       used 70214K, committed 70784K, reserved 1114112K
  class space    used 9590K, committed 9856K, reserved 1048576K
}
Event: 1171.281 GC heap after
{Heap after GC invocations=41 (full 4):
 garbage-first heap   total 61440K, used 25663K [0x0000000081e00000, 0x0000000100000000)
  region size 1024K, 3 young (3072K), 3 survivors (3072K)
 Metaspace       used 70214K, committed 70784K, reserved 1114112K
  class space    used 9590K, committed 9856K, reserved 1048576K
}
Event: 1171.565 GC heap before
{Heap before GC invocations=41 (full 4):
 garbage-first heap   total 61440K, used 47167K [0x0000000081e00000, 0x0000000100000000)
  region size 1024K, 24 young (24576K), 3 survivors (3072K)
 Metaspace       used 70378K, committed 70912K, reserved 1114112K
  class space    used 9599K, committed 9856K, reserved 1048576K
}
Event: 1171.570 GC heap after
{Heap after GC invocations=42 (full 4):
 garbage-first heap   total 61440K, used 28739K [0x0000000081e00000, 0x0000000100000000)
  region size 1024K, 3 young (3072K), 3 survivors (3072K)
 Metaspace       used 70378K, committed 70912K, reserved 1114112K
  class space    used 9599K, committed 9856K, reserved 1048576K
}

